<?xml version="1.0" encoding="UTF-8"?>
<!-- Generated by org.testng.reporters.JUnitReportReporter -->
<testsuite hostname="LAPTOP-MFFHI87N" failures="0" tests="1" name="testCases.TC001_AccountRegistrationTest" time="2.273" errors="0" timestamp="2025-07-23T13:18:41 IST" skipped="0">
  <testcase classname="testCases.TC001_AccountRegistrationTest" name="verify_account_registration" time="2.273"/>
</testsuite> <!-- testCases.TC001_AccountRegistrationTest -->
